C51 COMPILER V9.60.0.0   MAIN                                                              06/23/2022 14:40:10 PAGE 1   


C51 COMPILER V9.60.0.0, COMPILATION OF MODULE MAIN
OBJECT MODULE PLACED IN .\Objects\main.obj
COMPILER INVOKED BY: F:\keil 5\MDKSET\C51\BIN\C51.EXE main.c OPTIMIZE(8,SPEED) BROWSE DEBUG OBJECTEXTEND PRINT(.\Listing
                    -s\main.lst) TABS(2) OBJECT(.\Objects\main.obj)

line level    source

*** WARNING C500 IN LINE 1 OF main.c: MISSING LICENSE ID CODE (LIC) IN 'TOOLS.INI'
   1          #include<reg52.h>
   2          #include<intrins.h>
   3          /*-----金------*/
   4          unsigned char code led1[]={0x80,0x80,0x40,0x20,0x50,0x48,0x44,0xC3,0x44,0x48,0x50,0x20,0x40,0x80,0x80,0x00
             -,
   5          0x40,0x40,0x42,0x4A,0x72,0x42,0x42,0x7F,0x42,0x42,0x62,0x5A,0x42,0x40,0x40,0x00,
   6          };
   7          /*-----玉------*/
   8          unsigned char code led2[]={0x00,0x02,0x82,0x82,0x82,0x82,0x82,0xFE,0x82,0x82,0x82,0x82,0x82,0x02,0x00,0x00
             -,
   9          0x40,0x40,0x40,0x40,0x40,0x40,0x40,0x7F,0x40,0x40,0x44,0x58,0x40,0x40,0x40,0x00,
  10          };
  11          /*-----良------*/
  12          unsigned char code led3[]={0x00,0x00,0xFC,0x24,0x24,0x24,0x25,0x26,0x24,0x24,0x24,0xFC,0x00,0x00,0x00,0x00
             -,
  13          0x00,0x00,0xFF,0x81,0x41,0x21,0x03,0x05,0x09,0x11,0x29,0x45,0x42,0x80,0x80,0x00,
  14          };
  15          /*-----缘------*/
  16          unsigned char code led4[]={0x20,0x30,0xAC,0x63,0x30,0x00,0x20,0x2C,0xAB,0x6A,0xAA,0x2A,0x3A,0x26,0xA0,0x00
             -,
  17          0x22,0x67,0x22,0x12,0x12,0x00,0x49,0x49,0x24,0x52,0x89,0x7F,0x02,0x0D,0x10,0x00,
  18          };
  19          /*-----天------*/
  20          unsigned char code led5[]={0x40,0x40,0x42,0x42,0x42,0x42,0x42,0xFE,0x42,0x42,0x42,0x42,0x42,0x40,0x40,0x00
             -,
  21          0x80,0x80,0x40,0x20,0x10,0x0C,0x03,0x00,0x03,0x0C,0x10,0x20,0x40,0x80,0x80,0x00,
  22          };
  23          /*-----作------*/
  24          unsigned char code led6[]={0x00,0x80,0x60,0xF8,0x07,0x40,0x30,0x0F,0xF8,0x88,0x88,0x88,0x88,0x08,0x08,0x00
             -,
  25          0x01,0x00,0x00,0xFF,0x00,0x00,0x00,0x00,0xFF,0x08,0x08,0x08,0x08,0x08,0x00,0x00,
  26          };
  27          /*-----之------*/
  28          unsigned char code led7[]={0x00,0x10,0x10,0x10,0x10,0x10,0x11,0x16,0x10,0x90,0x50,0x30,0x10,0x00,0x00,0x00
             -,
  29          0x00,0x40,0x20,0x10,0x10,0x28,0x44,0x42,0x41,0x40,0x40,0x40,0x40,0x40,0x40,0x00,
  30          };
  31          /*-----合------*/
  32          unsigned char code led8[]={0x40,0x40,0x20,0x20,0x50,0x48,0x44,0x43,0x44,0x48,0x50,0x20,0x20,0x40,0x40,0x00
             -,
  33          0x00,0x00,0x00,0xFE,0x42,0x42,0x42,0x42,0x42,0x42,0x42,0xFE,0x00,0x00,0x00,0x00,
  34          };
  35          /*-----郎------*/
  36          unsigned char code led9[]={0x00,0x00,0xFC,0x24,0x25,0x26,0x24,0xFC,0x00,0x00,0xFE,0x02,0x22,0xDA,0x06,0x00
             -,
  37          0x00,0x00,0xFF,0x41,0x21,0x15,0x09,0x31,0x00,0x00,0xFF,0x08,0x10,0x08,0x07,0x00,
  38          };
  39          /*-----才------*/
  40          unsigned char code led10[]={0x10,0x10,0x10,0x10,0x10,0x10,0xD0,0x30,0xFF,0x10,0x10,0x10,0x10,0x10,0x10,0x0
             -0,
  41          0x00,0x20,0x10,0x08,0x04,0x03,0x40,0x80,0x7F,0x00,0x00,0x00,0x00,0x00,0x00,0x00,
  42          };
  43          /*-----女------*/
C51 COMPILER V9.60.0.0   MAIN                                                              06/23/2022 14:40:10 PAGE 2   

  44          unsigned char code led11[]={0x20,0x20,0x20,0x20,0xA0,0x70,0x2F,0x20,0x20,0x20,0xE0,0x20,0x20,0x20,0x20,0x0
             -0,
  45          0x00,0x80,0x80,0x46,0x45,0x28,0x28,0x10,0x18,0x26,0x21,0x40,0x80,0x00,0x00,0x00,
  46          };
  47          /*-----貌------*/
  48          unsigned char code led12[]={0x44,0x54,0x22,0xAA,0x51,0x89,0x04,0xFC,0x24,0x26,0x25,0x24,0x24,0xFC,0x00,0x0
             -0,
  49          0x12,0x12,0x49,0x84,0x42,0x3F,0x80,0x41,0x31,0x0F,0x01,0x3F,0x41,0x41,0x70,0x00,
  50          };
  51          /*-----喜------*/
  52          unsigned char code led13[]={0x00,0x02,0xEA,0xAA,0xAA,0xAA,0xAA,0xAF,0xAA,0xAA,0xAA,0xAA,0xEA,0x02,0x00,0x0
             -0,
  53          0x02,0x02,0xFA,0x4A,0x4B,0x4A,0x4A,0x4A,0x4A,0x4A,0x4B,0x4A,0xFA,0x02,0x02,0x00,
  54          };
  55          /*-----结------*/
  56          unsigned char code led14[]={0x20,0x30,0xAC,0x63,0x20,0x18,0x08,0x48,0x48,0x48,0x7F,0x48,0x48,0x48,0x08,0x0
             -0,
  57          0x22,0x67,0x22,0x12,0x12,0x12,0x00,0xFE,0x42,0x42,0x42,0x42,0x42,0xFE,0x00,0x00,
  58          };
  59          /*-----同------*/
  60          unsigned char code led15[]={0x00,0x00,0xFE,0x02,0x12,0x92,0x92,0x92,0x92,0x92,0x92,0x12,0x02,0xFE,0x00,0x0
             -0,
  61          0x00,0x00,0xFF,0x00,0x00,0x1F,0x08,0x08,0x08,0x08,0x1F,0x40,0x80,0x7F,0x00,0x00,
  62          };
  63          /*-----心------*/
  64          unsigned char code led16[]={0x00,0x00,0x80,0x00,0x00,0xE0,0x02,0x04,0x18,0x00,0x00,0x00,0x40,0x80,0x00,0x0
             -0,
  65          0x10,0x0C,0x03,0x00,0x00,0x3F,0x40,0x40,0x40,0x40,0x40,0x78,0x00,0x01,0x0E,0x00,
  66          };
  67          /*-----祝------*/
  68          unsigned char code led17[]={0x08,0x08,0x89,0xEE,0x98,0x00,0x7E,0x42,0xC2,0x42,0x42,0xC2,0x42,0x7E,0x00,0x0
             -0,
  69          0x02,0x01,0x00,0xFF,0x80,0x43,0x20,0x18,0x07,0x00,0x00,0x3F,0x40,0x40,0x78,0x00,
  70          };
  71          /*-----新------*/
  72          unsigned char code led18[]={0x40,0x44,0x54,0x65,0xC6,0x64,0x54,0x44,0x00,0xFC,0x44,0x44,0xC4,0x42,0x40,0x0
             -0,
  73          0x20,0x12,0x4A,0x82,0x7F,0x02,0x0A,0x92,0x60,0x1F,0x00,0x00,0xFF,0x00,0x00,0x00,
  74          };
  75          /*-----婚------*/
  76          unsigned char code led19[]={0x10,0xF0,0x1F,0x10,0xF0,0x00,0xFE,0x4A,0x2A,0x0A,0x1E,0x29,0x49,0x89,0xE8,0x0
             -0,
  77          0x82,0x65,0x18,0x16,0x61,0x00,0x00,0xFF,0x49,0x49,0x49,0x49,0x49,0xFF,0x00,0x00,
  78          };
  79          /*-----快------*/
  80          unsigned char code led20[]={0x00,0xE0,0x00,0xFF,0x10,0x20,0x08,0x08,0x08,0xFF,0x08,0x08,0xF8,0x00,0x00,0x0
             -0,
  81          0x01,0x00,0x00,0xFF,0x00,0x81,0x41,0x31,0x0D,0x03,0x0D,0x31,0x41,0x81,0x81,0x00,
  82          };
  83          /*-----乐------*/
  84          unsigned char code led21[]={0x00,0x00,0xE0,0x9C,0x84,0x84,0x84,0xF4,0x82,0x82,0x83,0x82,0x80,0x80,0x00,0x0
             -0,
  85          0x00,0x20,0x10,0x08,0x06,0x40,0x80,0x7F,0x00,0x00,0x02,0x04,0x08,0x30,0x00,0x00,
  86          };
  87          
  88          unsigned int c=0x0001;
  89          
  90          
  91          void Delay500us()   //@12.000MHz
  92          {
  93   1        unsigned char i;
  94   1      
C51 COMPILER V9.60.0.0   MAIN                                                              06/23/2022 14:40:10 PAGE 3   

  95   1        _nop_();
  96   1        i = 247;
  97   1        while (--i);
  98   1      }
  99          
 100          
 101          unsigned char inverted (unsigned char oldVal){
 102   1          unsigned int i;
 103   1          unsigned int newVal=0x00;
 104   1          unsigned int x=0x01;
 105   1          for(i=0;i<8;i++){
 106   2              newVal += !!(oldVal & x);
 107   2          if(i<7) newVal=newVal<<1;
 108   2              x=x<<1;
 109   2          }
 110   1        return newVal;
 111   1      }
 112          
 113          void showWord( unsigned char *list  ){
 114   1        unsigned char i=0,j=0,temp=0x00;
 115   1          c=0x01;
 116   1          for(i=0;i<16;i++){
 117   2              P0=~list[i];
 118   2              P1=~list[i+16];
 119   2              temp=(c)%256;
 120   2              P2=inverted(temp);
 121   2              P3=(c)/256;
 122   2              Delay500us();
 123   2          
 124   2              c=c<<1;
 125   2                
 126   2             P2=0x00;
 127   2             P3=0x00;
 128   2          }
 129   1      }
 130          
 131          void display(unsigned char * list, double ms){
 132   1        unsigned int i;
 133   1        for(i=0;i<ms/(100*16/12);i++){
 134   2          showWord(list);
 135   2        }
 136   1      }
 137          
 138          void main(){
 139   1          unsigned char i=0;
 140   1          unsigned int c=0x01;
 141   1          while(1){
 142   2            display(led1,10000);
 143   2            display(led2,10000);    
 144   2            display(led3,10000);    
 145   2            display(led4,10000);
 146   2            display(led5,10000);    
 147   2            display(led6,10000);
 148   2            display(led7,10000);
 149   2            display(led8,10000);
 150   2            display(led9,10000);
 151   2            display(led10,10000);
 152   2            display(led11,10000);
 153   2            display(led12,10000);
 154   2            display(led13,10000);
 155   2            display(led14,10000);
 156   2            display(led15,10000);
C51 COMPILER V9.60.0.0   MAIN                                                              06/23/2022 14:40:10 PAGE 4   

 157   2            display(led16,10000);
 158   2            display(led17,10000);
 159   2            display(led18,10000);
 160   2            display(led19,10000);
 161   2            display(led20,10000);
 162   2            display(led21,10000);
 163   2          }
 164   1      }
 165          


MODULE INFORMATION:   STATIC OVERLAYABLE
   CODE SIZE        =    481    ----
   CONSTANT SIZE    =    672    ----
   XDATA SIZE       =   ----    ----
   PDATA SIZE       =   ----    ----
   DATA SIZE        =      2      20
   IDATA SIZE       =   ----    ----
   BIT SIZE         =   ----    ----
END OF MODULE INFORMATION.


C51 COMPILATION COMPLETE.  1 WARNING(S),  0 ERROR(S)
